# JRE version: OpenJDK Runtime Environment (8.0_152-b01) (build 1.8.0_152-release-915-b01)
# Java VM: OpenJDK 64-Bit Server VM (25.152-b01 mixed mode windows-amd64 compressed oops)
Heap:
 PSYoungGen      total 313856K, used 153669K [0x00000000eab00000, 0x00000000ffc80000, 0x0000000100000000)
  eden space 286208K, 50% used [0x00000000eab00000,0x00000000f3821130,0x00000000fc280000)
  from space 27648K, 33% used [0x00000000fe180000,0x00000000fea70678,0x00000000ffc80000)
  to   space 29696K, 0% used [0x00000000fc280000,0x00000000fc280000,0x00000000fdf80000)
 ParOldGen       total 141312K, used 42058K [0x00000000c0000000, 0x00000000c8a00000, 0x00000000eab00000)
  object space 141312K, 29% used [0x00000000c0000000,0x00000000c2912838,0x00000000c8a00000)
 Metaspace       used 58396K, capacity 60656K, committed 60800K, reserved 1101824K
  class space    used 7546K, capacity 7999K, committed 8064K, reserved 1048576K
GC Heap History (10 events):
Event: 177.725 GC heap before
{Heap before GC invocations=23 (full 2):
 PSYoungGen      total 219648K, used 197347K [0x00000000eab00000, 0x00000000fa080000, 0x0000000100000000)
  eden space 188928K, 100% used [0x00000000eab00000,0x00000000f6380000,0x00000000f6380000)
  from space 30720K, 27% used [0x00000000f8280000,0x00000000f8ab8f70,0x00000000fa080000)
  to   space 31232K, 0% used [0x00000000f6380000,0x00000000f6380000,0x00000000f8200000)
 ParOldGen       total 105984K, used 40309K [0x00000000c0000000, 0x00000000c6780000, 0x00000000eab00000)
  object space 105984K, 38% used [0x00000000c0000000,0x00000000c275d698,0x00000000c6780000)
 Metaspace       used 55454K, capacity 57560K, committed 57728K, reserved 1099776K
  class space    used 7306K, capacity 7749K, committed 7808K, reserved 1048576K
Event: 177.730 GC heap after
Heap after GC invocations=23 (full 2):
 PSYoungGen      total 220160K, used 864K [0x00000000eab00000, 0x00000000fe800000, 0x0000000100000000)
  eden space 188928K, 0% used [0x00000000eab00000,0x00000000eab00000,0x00000000f6380000)
  from space 31232K, 2% used [0x00000000f6380000,0x00000000f6458000,0x00000000f8200000)
  to   space 32256K, 0% used [0x00000000fc880000,0x00000000fc880000,0x00000000fe800000)
 ParOldGen       total 105984K, used 46429K [0x00000000c0000000, 0x00000000c6780000, 0x00000000eab00000)
  object space 105984K, 43% used [0x00000000c0000000,0x00000000c2d57730,0x00000000c6780000)
 Metaspace       used 55454K, capacity 57560K, committed 57728K, reserved 1099776K
  class space    used 7306K, capacity 7749K, committed 7808K, reserved 1048576K
}
Event: 184.892 GC heap before
{Heap before GC invocations=24 (full 2):
 PSYoungGen      total 220160K, used 138677K [0x00000000eab00000, 0x00000000fe800000, 0x0000000100000000)
  eden space 188928K, 72% used [0x00000000eab00000,0x00000000f3195758,0x00000000f6380000)
  from space 31232K, 2% used [0x00000000f6380000,0x00000000f6458000,0x00000000f8200000)
  to   space 32256K, 0% used [0x00000000fc880000,0x00000000fc880000,0x00000000fe800000)
 ParOldGen       total 105984K, used 46429K [0x00000000c0000000, 0x00000000c6780000, 0x00000000eab00000)
  object space 105984K, 43% used [0x00000000c0000000,0x00000000c2d57730,0x00000000c6780000)
 Metaspace       used 56904K, capacity 59048K, committed 59136K, reserved 1099776K
  class space    used 7413K, capacity 7871K, committed 7936K, reserved 1048576K
Event: 184.897 GC heap after
Heap after GC invocations=24 (full 2):
 PSYoungGen      total 288256K, used 4696K [0x00000000eab00000, 0x00000000fe580000, 0x0000000100000000)
  eden space 258560K, 0% used [0x00000000eab00000,0x00000000eab00000,0x00000000fa780000)
  from space 29696K, 15% used [0x00000000fc880000,0x00000000fcd160b8,0x00000000fe580000)
  to   space 31744K, 0% used [0x00000000fa780000,0x00000000fa780000,0x00000000fc680000)
 ParOldGen       total 105984K, used 46485K [0x00000000c0000000, 0x00000000c6780000, 0x00000000eab00000)
  object space 105984K, 43% used [0x00000000c0000000,0x00000000c2d65730,0x00000000c6780000)
 Metaspace       used 56904K, capacity 59048K, committed 59136K, reserved 1099776K
  class space    used 7413K, capacity 7871K, committed 7936K, reserved 1048576K
}
Event: 184.897 GC heap before
{Heap before GC invocations=25 (full 3):
 PSYoungGen      total 288256K, used 4696K [0x00000000eab00000, 0x00000000fe580000, 0x0000000100000000)
  eden space 258560K, 0% used [0x00000000eab00000,0x00000000eab00000,0x00000000fa780000)
  from space 29696K, 15% used [0x00000000fc880000,0x00000000fcd160b8,0x00000000fe580000)
  to   space 31744K, 0% used [0x00000000fa780000,0x00000000fa780000,0x00000000fc680000)
 ParOldGen       total 105984K, used 46485K [0x00000000c0000000, 0x00000000c6780000, 0x00000000eab00000)
  object space 105984K, 43% used [0x00000000c0000000,0x00000000c2d65730,0x00000000c6780000)
 Metaspace       used 56904K, capacity 59048K, committed 59136K, reserved 1099776K
  class space    used 7413K, capacity 7871K, committed 7936K, reserved 1048576K
Event: 185.087 GC heap after
Heap after GC invocations=25 (full 3):
 PSYoungGen      total 288256K, used 0K [0x00000000eab00000, 0x00000000fe580000, 0x0000000100000000)
  eden space 258560K, 0% used [0x00000000eab00000,0x00000000eab00000,0x00000000fa780000)
  from space 29696K, 0% used [0x00000000fc880000,0x00000000fc880000,0x00000000fe580000)
  to   space 31744K, 0% used [0x00000000fa780000,0x00000000fa780000,0x00000000fc680000)
 ParOldGen       total 141312K, used 42042K [0x00000000c0000000, 0x00000000c8a00000, 0x00000000eab00000)
  object space 141312K, 29% used [0x00000000c0000000,0x00000000c290e838,0x00000000c8a00000)
 Metaspace       used 56881K, capacity 58982K, committed 59136K, reserved 1099776K
  class space    used 7406K, capacity 7858K, committed 7936K, reserved 1048576K
}
Event: 195.433 GC heap before
{Heap before GC invocations=26 (full 3):
 PSYoungGen      total 288256K, used 258560K [0x00000000eab00000, 0x00000000fe580000, 0x0000000100000000)
  eden space 258560K, 100% used [0x00000000eab00000,0x00000000fa780000,0x00000000fa780000)
  from space 29696K, 0% used [0x00000000fc880000,0x00000000fc880000,0x00000000fe580000)
  to   space 31744K, 0% used [0x00000000fa780000,0x00000000fa780000,0x00000000fc680000)
 ParOldGen       total 141312K, used 42042K [0x00000000c0000000, 0x00000000c8a00000, 0x00000000eab00000)
  object space 141312K, 29% used [0x00000000c0000000,0x00000000c290e838,0x00000000c8a00000)
 Metaspace       used 57438K, capacity 59586K, committed 59648K, reserved 1101824K
  class space    used 7466K, capacity 7900K, committed 7936K, reserved 1048576K
Event: 195.444 GC heap after
Heap after GC invocations=26 (full 3):
 PSYoungGen      total 290304K, used 4563K [0x00000000eab00000, 0x0000000100000000, 0x0000000100000000)
  eden space 258560K, 0% used [0x00000000eab00000,0x00000000eab00000,0x00000000fa780000)
  from space 31744K, 14% used [0x00000000fa780000,0x00000000fabf4e68,0x00000000fc680000)
  to   space 31232K, 0% used [0x00000000fe180000,0x00000000fe180000,0x0000000100000000)
 ParOldGen       total 141312K, used 42050K [0x00000000c0000000, 0x00000000c8a00000, 0x00000000eab00000)
  object space 141312K, 29% used [0x00000000c0000000,0x00000000c2910838,0x00000000c8a00000)
 Metaspace       used 57438K, capacity 59586K, committed 59648K, reserved 1101824K
  class space    used 7466K, capacity 7900K, committed 7936K, reserved 1048576K
}
Event: 387.166 GC heap before
{Heap before GC invocations=27 (full 3):
 PSYoungGen      total 290304K, used 263123K [0x00000000eab00000, 0x0000000100000000, 0x0000000100000000)
  eden space 258560K, 100% used [0x00000000eab00000,0x00000000fa780000,0x00000000fa780000)
  from space 31744K, 14% used [0x00000000fa780000,0x00000000fabf4e68,0x00000000fc680000)
  to   space 31232K, 0% used [0x00000000fe180000,0x00000000fe180000,0x0000000100000000)
 ParOldGen       total 141312K, used 42050K [0x00000000c0000000, 0x00000000c8a00000, 0x00000000eab00000)
  object space 141312K, 29% used [0x00000000c0000000,0x00000000c2910838,0x00000000c8a00000)
 Metaspace       used 57991K, capacity 60234K, committed 60544K, reserved 1101824K
  class space    used 7494K, capacity 7966K, committed 8064K, reserved 1048576K
Event: 387.174 GC heap after
Heap after GC invocations=27 (full 3):
 PSYoungGen      total 313856K, used 9153K [0x00000000eab00000, 0x00000000ffc80000, 0x0000000100000000)
  eden space 286208K, 0% used [0x00000000eab00000,0x00000000eab00000,0x00000000fc280000)
  from space 27648K, 33% used [0x00000000fe180000,0x00000000fea70678,0x00000000ffc80000)
  to   space 29696K, 0% used [0x00000000fc280000,0x00000000fc280000,0x00000000fdf80000)
 ParOldGen       total 141312K, used 42058K [0x00000000c0000000, 0x00000000c8a00000, 0x00000000eab00000)
  object space 141312K, 29% used [0x00000000c0000000,0x00000000c2912838,0x00000000c8a00000)
 Metaspace       used 57991K, capacity 60234K, committed 60544K, reserved 1101824K
  class space    used 7494K, capacity 7966K, committed 8064K, reserved 1048576K
}

