# JRE version: OpenJDK Runtime Environment (8.0_152-b01) (build 1.8.0_152-release-915-b01)
# Java VM: OpenJDK 64-Bit Server VM (25.152-b01 mixed mode windows-amd64 compressed oops)
Heap:
 PSYoungGen      total 154624K, used 40224K [0x00000000eab00000, 0x00000000f6000000, 0x0000000100000000)
  eden space 135680K, 15% used [0x00000000eab00000,0x00000000ebfcef50,0x00000000f2f80000)
  from space 18944K, 99% used [0x00000000f4700000,0x00000000f5979360,0x00000000f5980000)
  to   space 24064K, 0% used [0x00000000f2f80000,0x00000000f2f80000,0x00000000f4700000)
 ParOldGen       total 103424K, used 31767K [0x00000000c0000000, 0x00000000c6500000, 0x00000000eab00000)
  object space 103424K, 30% used [0x00000000c0000000,0x00000000c1f05cb0,0x00000000c6500000)
 Metaspace       used 54900K, capacity 57334K, committed 57472K, reserved 1099776K
  class space    used 7375K, capacity 7958K, committed 8064K, reserved 1048576K
GC Heap History (10 events):
Event: 17.261 GC heap before
{Heap before GC invocations=12 (full 2):
 PSYoungGen      total 72192K, used 60928K [0x00000000eab00000, 0x00000000f1180000, 0x0000000100000000)
  eden space 60928K, 100% used [0x00000000eab00000,0x00000000ee680000,0x00000000ee680000)
  from space 11264K, 0% used [0x00000000ee680000,0x00000000ee680000,0x00000000ef180000)
  to   space 11776K, 0% used [0x00000000f0600000,0x00000000f0600000,0x00000000f1180000)
 ParOldGen       total 103424K, used 15159K [0x00000000c0000000, 0x00000000c6500000, 0x00000000eab00000)
  object space 103424K, 14% used [0x00000000c0000000,0x00000000c0ecde50,0x00000000c6500000)
 Metaspace       used 38449K, capacity 39250K, committed 39424K, reserved 1083392K
  class space    used 5075K, capacity 5327K, committed 5376K, reserved 1048576K
Event: 17.265 GC heap after
Heap after GC invocations=12 (full 2):
 PSYoungGen      total 93184K, used 5550K [0x00000000eab00000, 0x00000000f1100000, 0x0000000100000000)
  eden space 81920K, 0% used [0x00000000eab00000,0x00000000eab00000,0x00000000efb00000)
  from space 11264K, 49% used [0x00000000f0600000,0x00000000f0b6b940,0x00000000f1100000)
  to   space 11264K, 0% used [0x00000000efb00000,0x00000000efb00000,0x00000000f0600000)
 ParOldGen       total 103424K, used 15167K [0x00000000c0000000, 0x00000000c6500000, 0x00000000eab00000)
  object space 103424K, 14% used [0x00000000c0000000,0x00000000c0ecfe50,0x00000000c6500000)
 Metaspace       used 38449K, capacity 39250K, committed 39424K, reserved 1083392K
  class space    used 5075K, capacity 5327K, committed 5376K, reserved 1048576K
}
Event: 19.962 GC heap before
{Heap before GC invocations=13 (full 2):
 PSYoungGen      total 93184K, used 87470K [0x00000000eab00000, 0x00000000f1100000, 0x0000000100000000)
  eden space 81920K, 100% used [0x00000000eab00000,0x00000000efb00000,0x00000000efb00000)
  from space 11264K, 49% used [0x00000000f0600000,0x00000000f0b6b940,0x00000000f1100000)
  to   space 11264K, 0% used [0x00000000efb00000,0x00000000efb00000,0x00000000f0600000)
 ParOldGen       total 103424K, used 15167K [0x00000000c0000000, 0x00000000c6500000, 0x00000000eab00000)
  object space 103424K, 14% used [0x00000000c0000000,0x00000000c0ecfe50,0x00000000c6500000)
 Metaspace       used 43925K, capacity 44912K, committed 45184K, reserved 1087488K
  class space    used 5840K, capacity 6155K, committed 6272K, reserved 1048576K
Event: 19.970 GC heap after
Heap after GC invocations=13 (full 2):
 PSYoungGen      total 93184K, used 10725K [0x00000000eab00000, 0x00000000f2c00000, 0x0000000100000000)
  eden space 81920K, 0% used [0x00000000eab00000,0x00000000eab00000,0x00000000efb00000)
  from space 11264K, 95% used [0x00000000efb00000,0x00000000f05796b8,0x00000000f0600000)
  to   space 12288K, 0% used [0x00000000f2000000,0x00000000f2000000,0x00000000f2c00000)
 ParOldGen       total 103424K, used 15175K [0x00000000c0000000, 0x00000000c6500000, 0x00000000eab00000)
  object space 103424K, 14% used [0x00000000c0000000,0x00000000c0ed1e50,0x00000000c6500000)
 Metaspace       used 43925K, capacity 44912K, committed 45184K, reserved 1087488K
  class space    used 5840K, capacity 6155K, committed 6272K, reserved 1048576K
}
Event: 22.789 GC heap before
{Heap before GC invocations=14 (full 2):
 PSYoungGen      total 93184K, used 92645K [0x00000000eab00000, 0x00000000f2c00000, 0x0000000100000000)
  eden space 81920K, 100% used [0x00000000eab00000,0x00000000efb00000,0x00000000efb00000)
  from space 11264K, 95% used [0x00000000efb00000,0x00000000f05796b8,0x00000000f0600000)
  to   space 12288K, 0% used [0x00000000f2000000,0x00000000f2000000,0x00000000f2c00000)
 ParOldGen       total 103424K, used 15175K [0x00000000c0000000, 0x00000000c6500000, 0x00000000eab00000)
  object space 103424K, 14% used [0x00000000c0000000,0x00000000c0ed1e50,0x00000000c6500000)
 Metaspace       used 46163K, capacity 47282K, committed 47488K, reserved 1089536K
  class space    used 6104K, capacity 6462K, committed 6528K, reserved 1048576K
Event: 22.797 GC heap after
Heap after GC invocations=14 (full 2):
 PSYoungGen      total 117760K, used 12287K [0x00000000eab00000, 0x00000000f2d00000, 0x0000000100000000)
  eden space 105472K, 0% used [0x00000000eab00000,0x00000000eab00000,0x00000000f1200000)
  from space 12288K, 99% used [0x00000000f2000000,0x00000000f2bffed8,0x00000000f2c00000)
  to   space 13824K, 0% used [0x00000000f1200000,0x00000000f1200000,0x00000000f1f80000)
 ParOldGen       total 103424K, used 15774K [0x00000000c0000000, 0x00000000c6500000, 0x00000000eab00000)
  object space 103424K, 15% used [0x00000000c0000000,0x00000000c0f67a00,0x00000000c6500000)
 Metaspace       used 46163K, capacity 47282K, committed 47488K, reserved 1089536K
  class space    used 6104K, capacity 6462K, committed 6528K, reserved 1048576K
}
Event: 23.765 GC heap before
{Heap before GC invocations=15 (full 2):
 PSYoungGen      total 117760K, used 117759K [0x00000000eab00000, 0x00000000f2d00000, 0x0000000100000000)
  eden space 105472K, 100% used [0x00000000eab00000,0x00000000f1200000,0x00000000f1200000)
  from space 12288K, 99% used [0x00000000f2000000,0x00000000f2bffed8,0x00000000f2c00000)
  to   space 13824K, 0% used [0x00000000f1200000,0x00000000f1200000,0x00000000f1f80000)
 ParOldGen       total 103424K, used 15774K [0x00000000c0000000, 0x00000000c6500000, 0x00000000eab00000)
  object space 103424K, 15% used [0x00000000c0000000,0x00000000c0f67a00,0x00000000c6500000)
 Metaspace       used 50914K, capacity 52520K, committed 52608K, reserved 1095680K
  class space    used 6864K, capacity 7270K, committed 7296K, reserved 1048576K
Event: 23.783 GC heap after
Heap after GC invocations=15 (full 2):
 PSYoungGen      total 119296K, used 13796K [0x00000000eab00000, 0x00000000f5980000, 0x0000000100000000)
  eden space 105472K, 0% used [0x00000000eab00000,0x00000000eab00000,0x00000000f1200000)
  from space 13824K, 99% used [0x00000000f1200000,0x00000000f1f79360,0x00000000f1f80000)
  to   space 18944K, 0% used [0x00000000f4700000,0x00000000f4700000,0x00000000f5980000)
 ParOldGen       total 103424K, used 25000K [0x00000000c0000000, 0x00000000c6500000, 0x00000000eab00000)
  object space 103424K, 24% used [0x00000000c0000000,0x00000000c186a268,0x00000000c6500000)
 Metaspace       used 50914K, capacity 52520K, committed 52608K, reserved 1095680K
  class space    used 6864K, capacity 7270K, committed 7296K, reserved 1048576K
}
Event: 35.441 GC heap before
{Heap before GC invocations=16 (full 2):
 PSYoungGen      total 119296K, used 119268K [0x00000000eab00000, 0x00000000f5980000, 0x0000000100000000)
  eden space 105472K, 100% used [0x00000000eab00000,0x00000000f1200000,0x00000000f1200000)
  from space 13824K, 99% used [0x00000000f1200000,0x00000000f1f79360,0x00000000f1f80000)
  to   space 18944K, 0% used [0x00000000f4700000,0x00000000f4700000,0x00000000f5980000)
 ParOldGen       total 103424K, used 25000K [0x00000000c0000000, 0x00000000c6500000, 0x00000000eab00000)
  object space 103424K, 24% used [0x00000000c0000000,0x00000000c186a268,0x00000000c6500000)
 Metaspace       used 54834K, capacity 57334K, committed 57472K, reserved 1099776K
  class space    used 7374K, capacity 7958K, committed 8064K, reserved 1048576K
Event: 35.460 GC heap after
Heap after GC invocations=16 (full 2):
 PSYoungGen      total 154624K, used 18916K [0x00000000eab00000, 0x00000000f6000000, 0x0000000100000000)
  eden space 135680K, 0% used [0x00000000eab00000,0x00000000eab00000,0x00000000f2f80000)
  from space 18944K, 99% used [0x00000000f4700000,0x00000000f5979360,0x00000000f5980000)
  to   space 24064K, 0% used [0x00000000f2f80000,0x00000000f2f80000,0x00000000f4700000)
 ParOldGen       total 103424K, used 31767K [0x00000000c0000000, 0x00000000c6500000, 0x00000000eab00000)
  object space 103424K, 30% used [0x00000000c0000000,0x00000000c1f05cb0,0x00000000c6500000)
 Metaspace       used 54834K, capacity 57334K, committed 57472K, reserved 1099776K
  class space    used 7374K, capacity 7958K, committed 8064K, reserved 1048576K
}

