# JRE version: OpenJDK Runtime Environment (8.0_152-b01) (build 1.8.0_152-release-915-b01)
# Java VM: OpenJDK 64-Bit Server VM (25.152-b01 mixed mode windows-amd64 compressed oops)
Heap:
 PSYoungGen      total 308224K, used 117466K [0x00000000eab00000, 0x00000000ffc00000, 0x0000000100000000)
  eden space 275456K, 39% used [0x00000000eab00000,0x00000000f1637f30,0x00000000fb800000)
  from space 32768K, 23% used [0x00000000fdc00000,0x00000000fe37e900,0x00000000ffc00000)
  to   space 34816K, 0% used [0x00000000fb800000,0x00000000fb800000,0x00000000fda00000)
 ParOldGen       total 179712K, used 99262K [0x00000000c0000000, 0x00000000caf80000, 0x00000000eab00000)
  object space 179712K, 55% used [0x00000000c0000000,0x00000000c60ef828,0x00000000caf80000)
 Metaspace       used 66286K, capacity 68328K, committed 68608K, reserved 1110016K
  class space    used 8419K, capacity 8871K, committed 8960K, reserved 1048576K
GC Heap History (10 events):
Event: 44.187 GC heap before
{Heap before GC invocations=21 (full 3):
 PSYoungGen      total 206336K, used 205571K [0x00000000eab00000, 0x00000000fb600000, 0x0000000100000000)
  eden space 173568K, 99% used [0x00000000eab00000,0x00000000f53c3250,0x00000000f5480000)
  from space 32768K, 99% used [0x00000000f5480000,0x00000000f747dbd0,0x00000000f7480000)
  to   space 38912K, 0% used [0x00000000f9000000,0x00000000f9000000,0x00000000fb600000)
 ParOldGen       total 179712K, used 66245K [0x00000000c0000000, 0x00000000caf80000, 0x00000000eab00000)
  object space 179712K, 36% used [0x00000000c0000000,0x00000000c40b17b8,0x00000000caf80000)
 Metaspace       used 63053K, capacity 65004K, committed 65280K, reserved 1105920K
  class space    used 8129K, capacity 8577K, committed 8704K, reserved 1048576K
Event: 44.204 GC heap after
Heap after GC invocations=21 (full 3):
 PSYoungGen      total 231424K, used 12310K [0x00000000eab00000, 0x00000000fb300000, 0x0000000100000000)
  eden space 195584K, 0% used [0x00000000eab00000,0x00000000eab00000,0x00000000f6a00000)
  from space 35840K, 34% used [0x00000000f9000000,0x00000000f9c05ae0,0x00000000fb300000)
  to   space 37376K, 0% used [0x00000000f6a00000,0x00000000f6a00000,0x00000000f8e80000)
 ParOldGen       total 179712K, used 91071K [0x00000000c0000000, 0x00000000caf80000, 0x00000000eab00000)
  object space 179712K, 50% used [0x00000000c0000000,0x00000000c58efdc0,0x00000000caf80000)
 Metaspace       used 63053K, capacity 65004K, committed 65280K, reserved 1105920K
  class space    used 8129K, capacity 8577K, committed 8704K, reserved 1048576K
}
Event: 44.222 GC heap before
{Heap before GC invocations=22 (full 3):
 PSYoungGen      total 231424K, used 207600K [0x00000000eab00000, 0x00000000fb300000, 0x0000000100000000)
  eden space 195584K, 99% used [0x00000000eab00000,0x00000000f69b66c8,0x00000000f6a00000)
  from space 35840K, 34% used [0x00000000f9000000,0x00000000f9c05ae0,0x00000000fb300000)
  to   space 37376K, 0% used [0x00000000f6a00000,0x00000000f6a00000,0x00000000f8e80000)
 ParOldGen       total 179712K, used 91071K [0x00000000c0000000, 0x00000000caf80000, 0x00000000eab00000)
  object space 179712K, 50% used [0x00000000c0000000,0x00000000c58efdc0,0x00000000caf80000)
 Metaspace       used 63059K, capacity 65004K, committed 65280K, reserved 1105920K
  class space    used 8129K, capacity 8577K, committed 8704K, reserved 1048576K
Event: 44.226 GC heap after
Heap after GC invocations=22 (full 3):
 PSYoungGen      total 232960K, used 9305K [0x00000000eab00000, 0x00000000fee00000, 0x0000000100000000)
  eden space 195584K, 0% used [0x00000000eab00000,0x00000000eab00000,0x00000000f6a00000)
  from space 37376K, 24% used [0x00000000f6a00000,0x00000000f7316500,0x00000000f8e80000)
  to   space 36352K, 0% used [0x00000000fca80000,0x00000000fca80000,0x00000000fee00000)
 ParOldGen       total 179712K, used 91079K [0x00000000c0000000, 0x00000000caf80000, 0x00000000eab00000)
  object space 179712K, 50% used [0x00000000c0000000,0x00000000c58f1dc0,0x00000000caf80000)
 Metaspace       used 63059K, capacity 65004K, committed 65280K, reserved 1105920K
  class space    used 8129K, capacity 8577K, committed 8704K, reserved 1048576K
}
Event: 44.249 GC heap before
{Heap before GC invocations=23 (full 3):
 PSYoungGen      total 232960K, used 204389K [0x00000000eab00000, 0x00000000fee00000, 0x0000000100000000)
  eden space 195584K, 99% used [0x00000000eab00000,0x00000000f6983150,0x00000000f6a00000)
  from space 37376K, 24% used [0x00000000f6a00000,0x00000000f7316500,0x00000000f8e80000)
  to   space 36352K, 0% used [0x00000000fca80000,0x00000000fca80000,0x00000000fee00000)
 ParOldGen       total 179712K, used 91079K [0x00000000c0000000, 0x00000000caf80000, 0x00000000eab00000)
  object space 179712K, 50% used [0x00000000c0000000,0x00000000c58f1dc0,0x00000000caf80000)
 Metaspace       used 63067K, capacity 65004K, committed 65280K, reserved 1105920K
  class space    used 8129K, capacity 8577K, committed 8704K, reserved 1048576K
Event: 44.253 GC heap after
Heap after GC invocations=23 (full 3):
 PSYoungGen      total 293888K, used 224K [0x00000000eab00000, 0x00000000ff480000, 0x0000000100000000)
  eden space 257536K, 0% used [0x00000000eab00000,0x00000000eab00000,0x00000000fa680000)
  from space 36352K, 0% used [0x00000000fca80000,0x00000000fcab8000,0x00000000fee00000)
  to   space 36864K, 0% used [0x00000000fa680000,0x00000000fa680000,0x00000000fca80000)
 ParOldGen       total 179712K, used 99166K [0x00000000c0000000, 0x00000000caf80000, 0x00000000eab00000)
  object space 179712K, 55% used [0x00000000c0000000,0x00000000c60d7828,0x00000000caf80000)
 Metaspace       used 63067K, capacity 65004K, committed 65280K, reserved 1105920K
  class space    used 8129K, capacity 8577K, committed 8704K, reserved 1048576K
}
Event: 44.290 GC heap before
{Heap before GC invocations=24 (full 3):
 PSYoungGen      total 293888K, used 257378K [0x00000000eab00000, 0x00000000ff480000, 0x0000000100000000)
  eden space 257536K, 99% used [0x00000000eab00000,0x00000000fa620848,0x00000000fa680000)
  from space 36352K, 0% used [0x00000000fca80000,0x00000000fcab8000,0x00000000fee00000)
  to   space 36864K, 0% used [0x00000000fa680000,0x00000000fa680000,0x00000000fca80000)
 ParOldGen       total 179712K, used 99166K [0x00000000c0000000, 0x00000000caf80000, 0x00000000eab00000)
  object space 179712K, 55% used [0x00000000c0000000,0x00000000c60d7828,0x00000000caf80000)
 Metaspace       used 63068K, capacity 65004K, committed 65280K, reserved 1105920K
  class space    used 8129K, capacity 8577K, committed 8704K, reserved 1048576K
Event: 44.292 GC heap after
Heap after GC invocations=24 (full 3):
 PSYoungGen      total 294400K, used 224K [0x00000000eab00000, 0x0000000100000000, 0x0000000100000000)
  eden space 257536K, 0% used [0x00000000eab00000,0x00000000eab00000,0x00000000fa680000)
  from space 36864K, 0% used [0x00000000fa680000,0x00000000fa6b8000,0x00000000fca80000)
  to   space 36864K, 0% used [0x00000000fdc00000,0x00000000fdc00000,0x0000000100000000)
 ParOldGen       total 179712K, used 99198K [0x00000000c0000000, 0x00000000caf80000, 0x00000000eab00000)
  object space 179712K, 55% used [0x00000000c0000000,0x00000000c60df828,0x00000000caf80000)
 Metaspace       used 63068K, capacity 65004K, committed 65280K, reserved 1105920K
  class space    used 8129K, capacity 8577K, committed 8704K, reserved 1048576K
}
Event: 48.375 GC heap before
{Heap before GC invocations=25 (full 3):
 PSYoungGen      total 294400K, used 257760K [0x00000000eab00000, 0x0000000100000000, 0x0000000100000000)
  eden space 257536K, 100% used [0x00000000eab00000,0x00000000fa680000,0x00000000fa680000)
  from space 36864K, 0% used [0x00000000fa680000,0x00000000fa6b8000,0x00000000fca80000)
  to   space 36864K, 0% used [0x00000000fdc00000,0x00000000fdc00000,0x0000000100000000)
 ParOldGen       total 179712K, used 99198K [0x00000000c0000000, 0x00000000caf80000, 0x00000000eab00000)
  object space 179712K, 55% used [0x00000000c0000000,0x00000000c60df828,0x00000000caf80000)
 Metaspace       used 64855K, capacity 66902K, committed 67200K, reserved 1107968K
  class space    used 8286K, capacity 8740K, committed 8832K, reserved 1048576K
Event: 48.383 GC heap after
Heap after GC invocations=25 (full 3):
 PSYoungGen      total 308224K, used 7674K [0x00000000eab00000, 0x00000000ffc00000, 0x0000000100000000)
  eden space 275456K, 0% used [0x00000000eab00000,0x00000000eab00000,0x00000000fb800000)
  from space 32768K, 23% used [0x00000000fdc00000,0x00000000fe37e900,0x00000000ffc00000)
  to   space 34816K, 0% used [0x00000000fb800000,0x00000000fb800000,0x00000000fda00000)
 ParOldGen       total 179712K, used 99262K [0x00000000c0000000, 0x00000000caf80000, 0x00000000eab00000)
  object space 179712K, 55% used [0x00000000c0000000,0x00000000c60ef828,0x00000000caf80000)
 Metaspace       used 64855K, capacity 66902K, committed 67200K, reserved 1107968K
  class space    used 8286K, capacity 8740K, committed 8832K, reserved 1048576K
}

