# JRE version: OpenJDK Runtime Environment (8.0_152-b01) (build 1.8.0_152-release-915-b01)
# Java VM: OpenJDK 64-Bit Server VM (25.152-b01 mixed mode windows-amd64 compressed oops)
Heap:
 PSYoungGen      total 795648K, used 317489K [0x000000076ab00000, 0x00000007b9880000, 0x00000007c0000000)
  eden space 579584K, 54% used [0x000000076ab00000,0x000000077dfac030,0x000000078e100000)
  from space 216064K, 0% used [0x00000007a0c00000,0x00000007a0d60448,0x00000007adf00000)
  to   space 306176K, 0% used [0x000000078e100000,0x000000078e100000,0x00000007a0c00000)
 ParOldGen       total 619520K, used 619515K [0x00000006c0000000, 0x00000006e5d00000, 0x000000076ab00000)
  object space 619520K, 99% used [0x00000006c0000000,0x00000006e5cfed38,0x00000006e5d00000)
 Metaspace       used 6543K, capacity 7282K, committed 7552K, reserved 1056768K
  class space    used 601K, capacity 618K, committed 640K, reserved 1048576K
GC Heap History (10 events):
Event: 5.662 GC heap before
{Heap before GC invocations=17 (full 3):
 PSYoungGen      total 753664K, used 103086K [0x000000076ab00000, 0x00000007a4900000, 0x00000007c0000000)
  eden space 582144K, 0% used [0x000000076ab00000,0x000000076ab00000,0x000000078e380000)
  from space 171520K, 60% used [0x0000000798f80000,0x000000079f42bac0,0x00000007a3700000)
  to   space 176128K, 0% used [0x000000078e380000,0x000000078e380000,0x0000000798f80000)
 ParOldGen       total 386560K, used 386284K [0x00000006c0000000, 0x00000006d7980000, 0x000000076ab00000)
  object space 386560K, 99% used [0x00000006c0000000,0x00000006d793b000,0x00000006d7980000)
 Metaspace       used 6530K, capacity 7282K, committed 7552K, reserved 1056768K
  class space    used 599K, capacity 618K, committed 640K, reserved 1048576K
Event: 7.058 GC heap after
Heap after GC invocations=17 (full 3):
 PSYoungGen      total 753664K, used 98163K [0x000000076ab00000, 0x00000007a4900000, 0x00000007c0000000)
  eden space 582144K, 0% used [0x000000076ab00000,0x000000076ab00000,0x000000078e380000)
  from space 171520K, 57% used [0x0000000798f80000,0x000000079ef5cf08,0x00000007a3700000)
  to   space 176128K, 0% used [0x000000078e380000,0x000000078e380000,0x0000000798f80000)
 ParOldGen       total 619520K, used 386146K [0x00000006c0000000, 0x00000006e5d00000, 0x000000076ab00000)
  object space 619520K, 62% used [0x00000006c0000000,0x00000006d7918b08,0x00000006e5d00000)
 Metaspace       used 6530K, capacity 7282K, committed 7552K, reserved 1056768K
  class space    used 599K, capacity 618K, committed 640K, reserved 1048576K
}
Event: 8.721 GC heap before
{Heap before GC invocations=18 (full 3):
 PSYoungGen      total 753664K, used 680307K [0x000000076ab00000, 0x00000007a4900000, 0x00000007c0000000)
  eden space 582144K, 100% used [0x000000076ab00000,0x000000078e380000,0x000000078e380000)
  from space 171520K, 57% used [0x0000000798f80000,0x000000079ef5cf08,0x00000007a3700000)
  to   space 176128K, 0% used [0x000000078e380000,0x000000078e380000,0x0000000798f80000)
 ParOldGen       total 619520K, used 386146K [0x00000006c0000000, 0x00000006e5d00000, 0x000000076ab00000)
  object space 619520K, 62% used [0x00000006c0000000,0x00000006d7918b08,0x00000006e5d00000)
 Metaspace       used 6541K, capacity 7282K, committed 7552K, reserved 1056768K
  class space    used 600K, capacity 618K, committed 640K, reserved 1048576K
Event: 8.837 GC heap after
Heap after GC invocations=18 (full 3):
 PSYoungGen      total 758272K, used 176108K [0x000000076ab00000, 0x00000007adf00000, 0x00000007c0000000)
  eden space 582144K, 0% used [0x000000076ab00000,0x000000076ab00000,0x000000078e380000)
  from space 176128K, 99% used [0x000000078e380000,0x0000000798f7b228,0x0000000798f80000)
  to   space 216064K, 0% used [0x00000007a0c00000,0x00000007a0c00000,0x00000007adf00000)
 ParOldGen       total 619520K, used 413630K [0x00000006c0000000, 0x00000006e5d00000, 0x000000076ab00000)
  object space 619520K, 66% used [0x00000006c0000000,0x00000006d93efa80,0x00000006e5d00000)
 Metaspace       used 6541K, capacity 7282K, committed 7552K, reserved 1056768K
  class space    used 600K, capacity 618K, committed 640K, reserved 1048576K
}
Event: 9.619 GC heap before
{Heap before GC invocations=19 (full 3):
 PSYoungGen      total 758272K, used 758252K [0x000000076ab00000, 0x00000007adf00000, 0x00000007c0000000)
  eden space 582144K, 100% used [0x000000076ab00000,0x000000078e380000,0x000000078e380000)
  from space 176128K, 99% used [0x000000078e380000,0x0000000798f7b228,0x0000000798f80000)
  to   space 216064K, 0% used [0x00000007a0c00000,0x00000007a0c00000,0x00000007adf00000)
 ParOldGen       total 619520K, used 413630K [0x00000006c0000000, 0x00000006e5d00000, 0x000000076ab00000)
  object space 619520K, 66% used [0x00000006c0000000,0x00000006d93efa80,0x00000006e5d00000)
 Metaspace       used 6542K, capacity 7282K, committed 7552K, reserved 1056768K
  class space    used 601K, capacity 618K, committed 640K, reserved 1048576K
Event: 9.758 GC heap after
Heap after GC invocations=19 (full 3):
 PSYoungGen      total 795648K, used 216033K [0x000000076ab00000, 0x00000007b9880000, 0x00000007c0000000)
  eden space 579584K, 0% used [0x000000076ab00000,0x000000076ab00000,0x000000078e100000)
  from space 216064K, 99% used [0x00000007a0c00000,0x00000007adef87f0,0x00000007adf00000)
  to   space 306176K, 0% used [0x000000078e100000,0x000000078e100000,0x00000007a0c00000)
 ParOldGen       total 619520K, used 557229K [0x00000006c0000000, 0x00000006e5d00000, 0x000000076ab00000)
  object space 619520K, 89% used [0x00000006c0000000,0x00000006e202b660,0x00000006e5d00000)
 Metaspace       used 6542K, capacity 7282K, committed 7552K, reserved 1056768K
  class space    used 601K, capacity 618K, committed 640K, reserved 1048576K
}
Event: 9.758 GC heap before
{Heap before GC invocations=20 (full 4):
 PSYoungGen      total 795648K, used 216033K [0x000000076ab00000, 0x00000007b9880000, 0x00000007c0000000)
  eden space 579584K, 0% used [0x000000076ab00000,0x000000076ab00000,0x000000078e100000)
  from space 216064K, 99% used [0x00000007a0c00000,0x00000007adef87f0,0x00000007adf00000)
  to   space 306176K, 0% used [0x000000078e100000,0x000000078e100000,0x00000007a0c00000)
 ParOldGen       total 619520K, used 557229K [0x00000006c0000000, 0x00000006e5d00000, 0x000000076ab00000)
  object space 619520K, 89% used [0x00000006c0000000,0x00000006e202b660,0x00000006e5d00000)
 Metaspace       used 6542K, capacity 7282K, committed 7552K, reserved 1056768K
  class space    used 601K, capacity 618K, committed 640K, reserved 1048576K
Event: 11.104 GC heap after
Heap after GC invocations=20 (full 4):
 PSYoungGen      total 795648K, used 61306K [0x000000076ab00000, 0x00000007b9880000, 0x00000007c0000000)
  eden space 579584K, 0% used [0x000000076ab00000,0x000000076ab00000,0x000000078e100000)
  from space 216064K, 28% used [0x00000007a0c00000,0x00000007a47deac8,0x00000007adf00000)
  to   space 306176K, 0% used [0x000000078e100000,0x000000078e100000,0x00000007a0c00000)
 ParOldGen       total 619520K, used 619137K [0x00000006c0000000, 0x00000006e5d00000, 0x000000076ab00000)
  object space 619520K, 99% used [0x00000006c0000000,0x00000006e5ca05d8,0x00000006e5d00000)
 Metaspace       used 6542K, capacity 7282K, committed 7552K, reserved 1056768K
  class space    used 601K, capacity 618K, committed 640K, reserved 1048576K
}
Event: 11.766 GC heap before
{Heap before GC invocations=21 (full 5):
 PSYoungGen      total 795648K, used 640890K [0x000000076ab00000, 0x00000007b9880000, 0x00000007c0000000)
  eden space 579584K, 100% used [0x000000076ab00000,0x000000078e100000,0x000000078e100000)
  from space 216064K, 28% used [0x00000007a0c00000,0x00000007a47deac8,0x00000007adf00000)
  to   space 306176K, 0% used [0x000000078e100000,0x000000078e100000,0x00000007a0c00000)
 ParOldGen       total 619520K, used 619137K [0x00000006c0000000, 0x00000006e5d00000, 0x000000076ab00000)
  object space 619520K, 99% used [0x00000006c0000000,0x00000006e5ca05d8,0x00000006e5d00000)
 Metaspace       used 6542K, capacity 7282K, committed 7552K, reserved 1056768K
  class space    used 601K, capacity 618K, committed 640K, reserved 1048576K
Event: 13.425 GC heap after
Heap after GC invocations=21 (full 5):
 PSYoungGen      total 795648K, used 1409K [0x000000076ab00000, 0x00000007b9880000, 0x00000007c0000000)
  eden space 579584K, 0% used [0x000000076ab00000,0x000000076ab00000,0x000000078e100000)
  from space 216064K, 0% used [0x00000007a0c00000,0x00000007a0d60448,0x00000007adf00000)
  to   space 306176K, 0% used [0x000000078e100000,0x000000078e100000,0x00000007a0c00000)
 ParOldGen       total 619520K, used 619515K [0x00000006c0000000, 0x00000006e5d00000, 0x000000076ab00000)
  object space 619520K, 99% used [0x00000006c0000000,0x00000006e5cfed38,0x00000006e5d00000)
 Metaspace       used 6542K, capacity 7282K, committed 7552K, reserved 1056768K
  class space    used 601K, capacity 618K, committed 640K, reserved 1048576K
}

