# JRE version: OpenJDK Runtime Environment (8.0_112-b06) (build 1.8.0_112-release-b06)
# Java VM: OpenJDK 64-Bit Server VM (25.112-b06 mixed mode windows-amd64 compressed oops)
Heap:
 PSYoungGen      total 173568K, used 81599K [0x000000076ab00000, 0x000000077c600000, 0x00000007c0000000)
  eden space 120832K, 23% used [0x000000076ab00000,0x000000076c732ff8,0x0000000772100000)
  from space 52736K, 99% used [0x0000000772100000,0x000000077547cfa8,0x0000000775480000)
  to   space 65536K, 0% used [0x0000000778600000,0x0000000778600000,0x000000077c600000)
 ParOldGen       total 138240K, used 94412K [0x00000006c0000000, 0x00000006c8700000, 0x000000076ab00000)
  object space 138240K, 68% used [0x00000006c0000000,0x00000006c5c33250,0x00000006c8700000)
 Metaspace       used 6221K, capacity 7216K, committed 7296K, reserved 1056768K
  class space    used 587K, capacity 616K, committed 640K, reserved 1048576K
GC Heap History (10 events):
Event: 5.614 GC heap before
{Heap before GC invocations=8 (full 1):
 PSYoungGen      total 71680K, used 66560K [0x000000076ab00000, 0x000000076f600000, 0x00000007c0000000)
  eden space 66560K, 100% used [0x000000076ab00000,0x000000076ec00000,0x000000076ec00000)
  from space 5120K, 0% used [0x000000076f100000,0x000000076f100000,0x000000076f600000)
  to   space 5120K, 0% used [0x000000076ec00000,0x000000076ec00000,0x000000076f100000)
 ParOldGen       total 138240K, used 57821K [0x00000006c0000000, 0x00000006c8700000, 0x000000076ab00000)
  object space 138240K, 41% used [0x00000006c0000000,0x00000006c38776a0,0x00000006c8700000)
 Metaspace       used 6054K, capacity 7088K, committed 7296K, reserved 1056768K
  class space    used 580K, capacity 616K, committed 640K, reserved 1048576K
Event: 5.638 GC heap after
Heap after GC invocations=8 (full 1):
 PSYoungGen      total 71680K, used 5094K [0x000000076ab00000, 0x0000000775600000, 0x00000007c0000000)
  eden space 66560K, 0% used [0x000000076ab00000,0x000000076ab00000,0x000000076ec00000)
  from space 5120K, 99% used [0x000000076ec00000,0x000000076f0f9858,0x000000076f100000)
  to   space 37888K, 0% used [0x0000000773100000,0x0000000773100000,0x0000000775600000)
 ParOldGen       total 138240K, used 78009K [0x00000006c0000000, 0x00000006c8700000, 0x000000076ab00000)
  object space 138240K, 56% used [0x00000006c0000000,0x00000006c4c2e748,0x00000006c8700000)
 Metaspace       used 6054K, capacity 7088K, committed 7296K, reserved 1056768K
  class space    used 580K, capacity 616K, committed 640K, reserved 1048576K
}
Event: 5.846 GC heap before
{Heap before GC invocations=9 (full 1):
 PSYoungGen      total 71680K, used 71654K [0x000000076ab00000, 0x0000000775600000, 0x00000007c0000000)
  eden space 66560K, 100% used [0x000000076ab00000,0x000000076ec00000,0x000000076ec00000)
  from space 5120K, 99% used [0x000000076ec00000,0x000000076f0f9858,0x000000076f100000)
  to   space 37888K, 0% used [0x0000000773100000,0x0000000773100000,0x0000000775600000)
 ParOldGen       total 138240K, used 78009K [0x00000006c0000000, 0x00000006c8700000, 0x000000076ab00000)
  object space 138240K, 56% used [0x00000006c0000000,0x00000006c4c2e748,0x00000006c8700000)
 Metaspace       used 6082K, capacity 7152K, committed 7296K, reserved 1056768K
  class space    used 580K, capacity 616K, committed 640K, reserved 1048576K
Event: 5.861 GC heap after
Heap after GC invocations=9 (full 1):
 PSYoungGen      total 135680K, used 26994K [0x000000076ab00000, 0x0000000775980000, 0x00000007c0000000)
  eden space 97792K, 0% used [0x000000076ab00000,0x000000076ab00000,0x0000000770a80000)
  from space 37888K, 71% used [0x0000000773100000,0x0000000774b5caa8,0x0000000775600000)
  to   space 39424K, 0% used [0x0000000770a80000,0x0000000770a80000,0x0000000773100000)
 ParOldGen       total 138240K, used 78017K [0x00000006c0000000, 0x00000006c8700000, 0x000000076ab00000)
  object space 138240K, 56% used [0x00000006c0000000,0x00000006c4c30748,0x00000006c8700000)
 Metaspace       used 6082K, capacity 7152K, committed 7296K, reserved 1056768K
  class space    used 580K, capacity 616K, committed 640K, reserved 1048576K
}
Event: 6.051 GC heap before
{Heap before GC invocations=10 (full 1):
 PSYoungGen      total 135680K, used 124786K [0x000000076ab00000, 0x0000000775980000, 0x00000007c0000000)
  eden space 97792K, 100% used [0x000000076ab00000,0x0000000770a80000,0x0000000770a80000)
  from space 37888K, 71% used [0x0000000773100000,0x0000000774b5caa8,0x0000000775600000)
  to   space 39424K, 0% used [0x0000000770a80000,0x0000000770a80000,0x0000000773100000)
 ParOldGen       total 138240K, used 78017K [0x00000006c0000000, 0x00000006c8700000, 0x000000076ab00000)
  object space 138240K, 56% used [0x00000006c0000000,0x00000006c4c30748,0x00000006c8700000)
 Metaspace       used 6093K, capacity 7152K, committed 7296K, reserved 1056768K
  class space    used 580K, capacity 616K, committed 640K, reserved 1048576K
Event: 6.069 GC heap after
Heap after GC invocations=10 (full 1):
 PSYoungGen      total 137216K, used 39261K [0x000000076ab00000, 0x0000000778080000, 0x00000007c0000000)
  eden space 97792K, 0% used [0x000000076ab00000,0x000000076ab00000,0x0000000770a80000)
  from space 39424K, 99% used [0x0000000770a80000,0x00000007730d77d8,0x0000000773100000)
  to   space 45056K, 0% used [0x0000000775480000,0x0000000775480000,0x0000000778080000)
 ParOldGen       total 138240K, used 78025K [0x00000006c0000000, 0x00000006c8700000, 0x000000076ab00000)
  object space 138240K, 56% used [0x00000006c0000000,0x00000006c4c32748,0x00000006c8700000)
 Metaspace       used 6093K, capacity 7152K, committed 7296K, reserved 1056768K
  class space    used 580K, capacity 616K, committed 640K, reserved 1048576K
}
Event: 6.374 GC heap before
{Heap before GC invocations=11 (full 1):
 PSYoungGen      total 137216K, used 137053K [0x000000076ab00000, 0x0000000778080000, 0x00000007c0000000)
  eden space 97792K, 100% used [0x000000076ab00000,0x0000000770a80000,0x0000000770a80000)
  from space 39424K, 99% used [0x0000000770a80000,0x00000007730d77d8,0x0000000773100000)
  to   space 45056K, 0% used [0x0000000775480000,0x0000000775480000,0x0000000778080000)
 ParOldGen       total 138240K, used 78025K [0x00000006c0000000, 0x00000006c8700000, 0x000000076ab00000)
  object space 138240K, 56% used [0x00000006c0000000,0x00000006c4c32748,0x00000006c8700000)
 Metaspace       used 6124K, capacity 7152K, committed 7296K, reserved 1056768K
  class space    used 580K, capacity 616K, committed 640K, reserved 1048576K
Event: 6.398 GC heap after
Heap after GC invocations=11 (full 1):
 PSYoungGen      total 165888K, used 45046K [0x000000076ab00000, 0x0000000778f80000, 0x00000007c0000000)
  eden space 120832K, 0% used [0x000000076ab00000,0x000000076ab00000,0x0000000772100000)
  from space 45056K, 99% used [0x0000000775480000,0x000000077807d9d0,0x0000000778080000)
  to   space 52736K, 0% used [0x0000000772100000,0x0000000772100000,0x0000000775480000)
 ParOldGen       total 138240K, used 81189K [0x00000006c0000000, 0x00000006c8700000, 0x000000076ab00000)
  object space 138240K, 58% used [0x00000006c0000000,0x00000006c4f49618,0x00000006c8700000)
 Metaspace       used 6124K, capacity 7152K, committed 7296K, reserved 1056768K
  class space    used 580K, capacity 616K, committed 640K, reserved 1048576K
}
Event: 6.788 GC heap before
{Heap before GC invocations=12 (full 1):
 PSYoungGen      total 165888K, used 165878K [0x000000076ab00000, 0x0000000778f80000, 0x00000007c0000000)
  eden space 120832K, 100% used [0x000000076ab00000,0x0000000772100000,0x0000000772100000)
  from space 45056K, 99% used [0x0000000775480000,0x000000077807d9d0,0x0000000778080000)
  to   space 52736K, 0% used [0x0000000772100000,0x0000000772100000,0x0000000775480000)
 ParOldGen       total 138240K, used 81189K [0x00000006c0000000, 0x00000006c8700000, 0x000000076ab00000)
  object space 138240K, 58% used [0x00000006c0000000,0x00000006c4f49618,0x00000006c8700000)
 Metaspace       used 6132K, capacity 7152K, committed 7296K, reserved 1056768K
  class space    used 580K, capacity 616K, committed 640K, reserved 1048576K
Event: 6.818 GC heap after
Heap after GC invocations=12 (full 1):
 PSYoungGen      total 173568K, used 52723K [0x000000076ab00000, 0x000000077c600000, 0x00000007c0000000)
  eden space 120832K, 0% used [0x000000076ab00000,0x000000076ab00000,0x0000000772100000)
  from space 52736K, 99% used [0x0000000772100000,0x000000077547cfa8,0x0000000775480000)
  to   space 65536K, 0% used [0x0000000778600000,0x0000000778600000,0x000000077c600000)
 ParOldGen       total 138240K, used 94412K [0x00000006c0000000, 0x00000006c8700000, 0x000000076ab00000)
  object space 138240K, 68% used [0x00000006c0000000,0x00000006c5c33250,0x00000006c8700000)
 Metaspace       used 6132K, capacity 7152K, committed 7296K, reserved 1056768K
  class space    used 580K, capacity 616K, committed 640K, reserved 1048576K
}

