# JRE version: OpenJDK Runtime Environment (8.0_152-b01) (build 1.8.0_152-release-915-b01)
# Java VM: OpenJDK 64-Bit Server VM (25.152-b01 mixed mode windows-amd64 compressed oops)
Heap:
 PSYoungGen      total 156160K, used 97621K [0x000000076ab00000, 0x000000077b480000, 0x00000007c0000000)
  eden space 122880K, 52% used [0x000000076ab00000,0x000000076e9d9f90,0x0000000772300000)
  from space 33280K, 99% used [0x0000000772300000,0x000000077437b4f0,0x0000000774380000)
  to   space 40448K, 0% used [0x0000000778d00000,0x0000000778d00000,0x000000077b480000)
 ParOldGen       total 102912K, used 35178K [0x00000006c0000000, 0x00000006c6480000, 0x000000076ab00000)
  object space 102912K, 34% used [0x00000006c0000000,0x00000006c225a9c8,0x00000006c6480000)
 Metaspace       used 6102K, capacity 7088K, committed 7296K, reserved 1056768K
  class space    used 574K, capacity 616K, committed 640K, reserved 1048576K
GC Heap History (10 events):
Event: 1.839 GC heap before
{Heap before GC invocations=4 (full 0):
 PSYoungGen      total 38400K, used 38382K [0x000000076ab00000, 0x000000076f600000, 0x00000007c0000000)
  eden space 33280K, 100% used [0x000000076ab00000,0x000000076cb80000,0x000000076cb80000)
  from space 5120K, 99% used [0x000000076cb80000,0x000000076d07b800,0x000000076d080000)
  to   space 5120K, 0% used [0x000000076f100000,0x000000076f100000,0x000000076f600000)
 ParOldGen       total 87552K, used 27107K [0x00000006c0000000, 0x00000006c5580000, 0x000000076ab00000)
  object space 87552K, 30% used [0x00000006c0000000,0x00000006c1a78de8,0x00000006c5580000)
 Metaspace       used 5946K, capacity 7024K, committed 7296K, reserved 1056768K
  class space    used 574K, capacity 616K, committed 640K, reserved 1048576K
Event: 1.854 GC heap after
Heap after GC invocations=4 (full 0):
 PSYoungGen      total 71680K, used 5095K [0x000000076ab00000, 0x000000076f600000, 0x00000007c0000000)
  eden space 66560K, 0% used [0x000000076ab00000,0x000000076ab00000,0x000000076ec00000)
  from space 5120K, 99% used [0x000000076f100000,0x000000076f5f9d48,0x000000076f600000)
  to   space 5120K, 0% used [0x000000076ec00000,0x000000076ec00000,0x000000076f100000)
 ParOldGen       total 87552K, used 40520K [0x00000006c0000000, 0x00000006c5580000, 0x000000076ab00000)
  object space 87552K, 46% used [0x00000006c0000000,0x00000006c2792210,0x00000006c5580000)
 Metaspace       used 5946K, capacity 7024K, committed 7296K, reserved 1056768K
  class space    used 574K, capacity 616K, committed 640K, reserved 1048576K
}
Event: 2.068 GC heap before
{Heap before GC invocations=5 (full 0):
 PSYoungGen      total 71680K, used 71655K [0x000000076ab00000, 0x000000076f600000, 0x00000007c0000000)
  eden space 66560K, 100% used [0x000000076ab00000,0x000000076ec00000,0x000000076ec00000)
  from space 5120K, 99% used [0x000000076f100000,0x000000076f5f9d48,0x000000076f600000)
  to   space 5120K, 0% used [0x000000076ec00000,0x000000076ec00000,0x000000076f100000)
 ParOldGen       total 87552K, used 40520K [0x00000006c0000000, 0x00000006c5580000, 0x000000076ab00000)
  object space 87552K, 46% used [0x00000006c0000000,0x00000006c2792210,0x00000006c5580000)
 Metaspace       used 6016K, capacity 7024K, committed 7296K, reserved 1056768K
  class space    used 574K, capacity 616K, committed 640K, reserved 1048576K
Event: 2.092 GC heap after
Heap after GC invocations=5 (full 0):
 PSYoungGen      total 71680K, used 5118K [0x000000076ab00000, 0x0000000776c00000, 0x00000007c0000000)
  eden space 66560K, 0% used [0x000000076ab00000,0x000000076ab00000,0x000000076ec00000)
  from space 5120K, 99% used [0x000000076ec00000,0x000000076f0ffa08,0x000000076f100000)
  to   space 32256K, 0% used [0x0000000774c80000,0x0000000774c80000,0x0000000776c00000)
 ParOldGen       total 87552K, used 61888K [0x00000006c0000000, 0x00000006c5580000, 0x000000076ab00000)
  object space 87552K, 70% used [0x00000006c0000000,0x00000006c3c70180,0x00000006c5580000)
 Metaspace       used 6016K, capacity 7024K, committed 7296K, reserved 1056768K
  class space    used 574K, capacity 616K, committed 640K, reserved 1048576K
}
Event: 2.092 GC heap before
{Heap before GC invocations=6 (full 1):
 PSYoungGen      total 71680K, used 5118K [0x000000076ab00000, 0x0000000776c00000, 0x00000007c0000000)
  eden space 66560K, 0% used [0x000000076ab00000,0x000000076ab00000,0x000000076ec00000)
  from space 5120K, 99% used [0x000000076ec00000,0x000000076f0ffa08,0x000000076f100000)
  to   space 32256K, 0% used [0x0000000774c80000,0x0000000774c80000,0x0000000776c00000)
 ParOldGen       total 87552K, used 61888K [0x00000006c0000000, 0x00000006c5580000, 0x000000076ab00000)
  object space 87552K, 70% used [0x00000006c0000000,0x00000006c3c70180,0x00000006c5580000)
 Metaspace       used 6016K, capacity 7024K, committed 7296K, reserved 1056768K
  class space    used 574K, capacity 616K, committed 640K, reserved 1048576K
Event: 2.218 GC heap after
Heap after GC invocations=6 (full 1):
 PSYoungGen      total 71680K, used 0K [0x000000076ab00000, 0x0000000776c00000, 0x00000007c0000000)
  eden space 66560K, 0% used [0x000000076ab00000,0x000000076ab00000,0x000000076ec00000)
  from space 5120K, 0% used [0x000000076ec00000,0x000000076ec00000,0x000000076f100000)
  to   space 32256K, 0% used [0x0000000774c80000,0x0000000774c80000,0x0000000776c00000)
 ParOldGen       total 102912K, used 31214K [0x00000006c0000000, 0x00000006c6480000, 0x000000076ab00000)
  object space 102912K, 30% used [0x00000006c0000000,0x00000006c1e7bb70,0x00000006c6480000)
 Metaspace       used 6016K, capacity 7024K, committed 7296K, reserved 1056768K
  class space    used 574K, capacity 616K, committed 640K, reserved 1048576K
}
Event: 2.458 GC heap before
{Heap before GC invocations=7 (full 1):
 PSYoungGen      total 71680K, used 66560K [0x000000076ab00000, 0x0000000776c00000, 0x00000007c0000000)
  eden space 66560K, 100% used [0x000000076ab00000,0x000000076ec00000,0x000000076ec00000)
  from space 5120K, 0% used [0x000000076ec00000,0x000000076ec00000,0x000000076f100000)
  to   space 32256K, 0% used [0x0000000774c80000,0x0000000774c80000,0x0000000776c00000)
 ParOldGen       total 102912K, used 31214K [0x00000006c0000000, 0x00000006c6480000, 0x000000076ab00000)
  object space 102912K, 30% used [0x00000006c0000000,0x00000006c1e7bb70,0x00000006c6480000)
 Metaspace       used 6028K, capacity 7088K, committed 7296K, reserved 1056768K
  class space    used 574K, capacity 616K, committed 640K, reserved 1048576K
Event: 2.505 GC heap after
Heap after GC invocations=7 (full 1):
 PSYoungGen      total 135168K, used 23638K [0x000000076ab00000, 0x0000000776400000, 0x00000007c0000000)
  eden space 111104K, 0% used [0x000000076ab00000,0x000000076ab00000,0x0000000771780000)
  from space 24064K, 98% used [0x0000000774c80000,0x00000007763959f8,0x0000000776400000)
  to   space 33280K, 0% used [0x0000000772300000,0x0000000772300000,0x0000000774380000)
 ParOldGen       total 102912K, used 31222K [0x00000006c0000000, 0x00000006c6480000, 0x000000076ab00000)
  object space 102912K, 30% used [0x00000006c0000000,0x00000006c1e7db70,0x00000006c6480000)
 Metaspace       used 6028K, capacity 7088K, committed 7296K, reserved 1056768K
  class space    used 574K, capacity 616K, committed 640K, reserved 1048576K
}
Event: 3.219 GC heap before
{Heap before GC invocations=8 (full 1):
 PSYoungGen      total 135168K, used 134742K [0x000000076ab00000, 0x0000000776400000, 0x00000007c0000000)
  eden space 111104K, 100% used [0x000000076ab00000,0x0000000771780000,0x0000000771780000)
  from space 24064K, 98% used [0x0000000774c80000,0x00000007763959f8,0x0000000776400000)
  to   space 33280K, 0% used [0x0000000772300000,0x0000000772300000,0x0000000774380000)
 ParOldGen       total 102912K, used 31222K [0x00000006c0000000, 0x00000006c6480000, 0x000000076ab00000)
  object space 102912K, 30% used [0x00000006c0000000,0x00000006c1e7db70,0x00000006c6480000)
 Metaspace       used 6073K, capacity 7088K, committed 7296K, reserved 1056768K
  class space    used 574K, capacity 616K, committed 640K, reserved 1048576K
Event: 3.443 GC heap after
Heap after GC invocations=8 (full 1):
 PSYoungGen      total 156160K, used 33261K [0x000000076ab00000, 0x000000077b480000, 0x00000007c0000000)
  eden space 122880K, 0% used [0x000000076ab00000,0x000000076ab00000,0x0000000772300000)
  from space 33280K, 99% used [0x0000000772300000,0x000000077437b4f0,0x0000000774380000)
  to   space 40448K, 0% used [0x0000000778d00000,0x0000000778d00000,0x000000077b480000)
 ParOldGen       total 102912K, used 35178K [0x00000006c0000000, 0x00000006c6480000, 0x000000076ab00000)
  object space 102912K, 34% used [0x00000006c0000000,0x00000006c225a9c8,0x00000006c6480000)
 Metaspace       used 6073K, capacity 7088K, committed 7296K, reserved 1056768K
  class space    used 574K, capacity 616K, committed 640K, reserved 1048576K
}

