# JRE version: OpenJDK Runtime Environment (8.0_152-b01) (build 1.8.0_152-release-915-b01)
# Java VM: OpenJDK 64-Bit Server VM (25.152-b01 mixed mode windows-amd64 compressed oops)
Heap:
 PSYoungGen      total 229888K, used 41559K [0x000000076ab00000, 0x000000077b700000, 0x00000007c0000000)
  eden space 187392K, 6% used [0x000000076ab00000,0x000000076b69f3d0,0x0000000776200000)
  from space 42496K, 69% used [0x0000000778d80000,0x000000077aa76a48,0x000000077b700000)
  to   space 43520K, 0% used [0x0000000776200000,0x0000000776200000,0x0000000778c80000)
 ParOldGen       total 173568K, used 56282K [0x00000006c0000000, 0x00000006ca980000, 0x000000076ab00000)
  object space 173568K, 32% used [0x00000006c0000000,0x00000006c36f6ad8,0x00000006ca980000)
 Metaspace       used 6093K, capacity 7088K, committed 7296K, reserved 1056768K
  class space    used 577K, capacity 616K, committed 640K, reserved 1048576K
GC Heap History (10 events):
Event: 1.674 GC heap before
{Heap before GC invocations=4 (full 0):
 PSYoungGen      total 71680K, used 71672K [0x000000076ab00000, 0x0000000773700000, 0x00000007c0000000)
  eden space 66560K, 100% used [0x000000076ab00000,0x000000076ec00000,0x000000076ec00000)
  from space 5120K, 99% used [0x000000076ec00000,0x000000076f0fe238,0x000000076f100000)
  to   space 5120K, 0% used [0x0000000773200000,0x0000000773200000,0x0000000773700000)
 ParOldGen       total 87552K, used 36028K [0x00000006c0000000, 0x00000006c5580000, 0x000000076ab00000)
  object space 87552K, 41% used [0x00000006c0000000,0x00000006c232f108,0x00000006c5580000)
 Metaspace       used 5933K, capacity 7024K, committed 7296K, reserved 1056768K
  class space    used 574K, capacity 616K, committed 640K, reserved 1048576K
Event: 2.070 GC heap after
Heap after GC invocations=4 (full 0):
 PSYoungGen      total 138240K, used 5115K [0x000000076ab00000, 0x0000000773700000, 0x00000007c0000000)
  eden space 133120K, 0% used [0x000000076ab00000,0x000000076ab00000,0x0000000772d00000)
  from space 5120K, 99% used [0x0000000773200000,0x00000007736feeb8,0x0000000773700000)
  to   space 5120K, 0% used [0x0000000772d00000,0x0000000772d00000,0x0000000773200000)
 ParOldGen       total 87552K, used 60638K [0x00000006c0000000, 0x00000006c5580000, 0x000000076ab00000)
  object space 87552K, 69% used [0x00000006c0000000,0x00000006c3b37bb0,0x00000006c5580000)
 Metaspace       used 5933K, capacity 7024K, committed 7296K, reserved 1056768K
  class space    used 574K, capacity 616K, committed 640K, reserved 1048576K
}
Event: 2.070 GC heap before
{Heap before GC invocations=5 (full 1):
 PSYoungGen      total 138240K, used 5115K [0x000000076ab00000, 0x0000000773700000, 0x00000007c0000000)
  eden space 133120K, 0% used [0x000000076ab00000,0x000000076ab00000,0x0000000772d00000)
  from space 5120K, 99% used [0x0000000773200000,0x00000007736feeb8,0x0000000773700000)
  to   space 5120K, 0% used [0x0000000772d00000,0x0000000772d00000,0x0000000773200000)
 ParOldGen       total 87552K, used 60638K [0x00000006c0000000, 0x00000006c5580000, 0x000000076ab00000)
  object space 87552K, 69% used [0x00000006c0000000,0x00000006c3b37bb0,0x00000006c5580000)
 Metaspace       used 5933K, capacity 7024K, committed 7296K, reserved 1056768K
  class space    used 574K, capacity 616K, committed 640K, reserved 1048576K
Event: 2.893 GC heap after
Heap after GC invocations=5 (full 1):
 PSYoungGen      total 138240K, used 0K [0x000000076ab00000, 0x0000000773700000, 0x00000007c0000000)
  eden space 133120K, 0% used [0x000000076ab00000,0x000000076ab00000,0x0000000772d00000)
  from space 5120K, 0% used [0x0000000773200000,0x0000000773200000,0x0000000773700000)
  to   space 5120K, 0% used [0x0000000772d00000,0x0000000772d00000,0x0000000773200000)
 ParOldGen       total 87552K, used 35416K [0x00000006c0000000, 0x00000006c5580000, 0x000000076ab00000)
  object space 87552K, 40% used [0x00000006c0000000,0x00000006c2296308,0x00000006c5580000)
 Metaspace       used 5933K, capacity 7024K, committed 7296K, reserved 1056768K
  class space    used 574K, capacity 616K, committed 640K, reserved 1048576K
}
Event: 3.788 GC heap before
{Heap before GC invocations=6 (full 1):
 PSYoungGen      total 138240K, used 133120K [0x000000076ab00000, 0x0000000773700000, 0x00000007c0000000)
  eden space 133120K, 100% used [0x000000076ab00000,0x0000000772d00000,0x0000000772d00000)
  from space 5120K, 0% used [0x0000000773200000,0x0000000773200000,0x0000000773700000)
  to   space 5120K, 0% used [0x0000000772d00000,0x0000000772d00000,0x0000000773200000)
 ParOldGen       total 87552K, used 35416K [0x00000006c0000000, 0x00000006c5580000, 0x000000076ab00000)
  object space 87552K, 40% used [0x00000006c0000000,0x00000006c2296308,0x00000006c5580000)
 Metaspace       used 6057K, capacity 7088K, committed 7296K, reserved 1056768K
  class space    used 574K, capacity 616K, committed 640K, reserved 1048576K
Event: 4.022 GC heap after
Heap after GC invocations=6 (full 1):
 PSYoungGen      total 138240K, used 5096K [0x000000076ab00000, 0x000000077b780000, 0x00000007c0000000)
  eden space 133120K, 0% used [0x000000076ab00000,0x000000076ab00000,0x0000000772d00000)
  from space 5120K, 99% used [0x0000000772d00000,0x00000007731fa2d8,0x0000000773200000)
  to   space 43008K, 0% used [0x0000000778d80000,0x0000000778d80000,0x000000077b780000)
 ParOldGen       total 87552K, used 62764K [0x00000006c0000000, 0x00000006c5580000, 0x000000076ab00000)
  object space 87552K, 71% used [0x00000006c0000000,0x00000006c3d4b390,0x00000006c5580000)
 Metaspace       used 6057K, capacity 7088K, committed 7296K, reserved 1056768K
  class space    used 574K, capacity 616K, committed 640K, reserved 1048576K
}
Event: 4.022 GC heap before
{Heap before GC invocations=7 (full 2):
 PSYoungGen      total 138240K, used 5096K [0x000000076ab00000, 0x000000077b780000, 0x00000007c0000000)
  eden space 133120K, 0% used [0x000000076ab00000,0x000000076ab00000,0x0000000772d00000)
  from space 5120K, 99% used [0x0000000772d00000,0x00000007731fa2d8,0x0000000773200000)
  to   space 43008K, 0% used [0x0000000778d80000,0x0000000778d80000,0x000000077b780000)
 ParOldGen       total 87552K, used 62764K [0x00000006c0000000, 0x00000006c5580000, 0x000000076ab00000)
  object space 87552K, 71% used [0x00000006c0000000,0x00000006c3d4b390,0x00000006c5580000)
 Metaspace       used 6057K, capacity 7088K, committed 7296K, reserved 1056768K
  class space    used 574K, capacity 616K, committed 640K, reserved 1048576K
Event: 4.262 GC heap after
Heap after GC invocations=7 (full 2):
 PSYoungGen      total 138240K, used 0K [0x000000076ab00000, 0x000000077b780000, 0x00000007c0000000)
  eden space 133120K, 0% used [0x000000076ab00000,0x000000076ab00000,0x0000000772d00000)
  from space 5120K, 0% used [0x0000000772d00000,0x0000000772d00000,0x0000000773200000)
  to   space 43008K, 0% used [0x0000000778d80000,0x0000000778d80000,0x000000077b780000)
 ParOldGen       total 173568K, used 56274K [0x00000006c0000000, 0x00000006ca980000, 0x000000076ab00000)
  object space 173568K, 32% used [0x00000006c0000000,0x00000006c36f4ad8,0x00000006ca980000)
 Metaspace       used 6057K, capacity 7088K, committed 7296K, reserved 1056768K
  class space    used 574K, capacity 616K, committed 640K, reserved 1048576K
}
Event: 4.979 GC heap before
{Heap before GC invocations=8 (full 2):
 PSYoungGen      total 138240K, used 133120K [0x000000076ab00000, 0x000000077b780000, 0x00000007c0000000)
  eden space 133120K, 100% used [0x000000076ab00000,0x0000000772d00000,0x0000000772d00000)
  from space 5120K, 0% used [0x0000000772d00000,0x0000000772d00000,0x0000000773200000)
  to   space 43008K, 0% used [0x0000000778d80000,0x0000000778d80000,0x000000077b780000)
 ParOldGen       total 173568K, used 56274K [0x00000006c0000000, 0x00000006ca980000, 0x000000076ab00000)
  object space 173568K, 32% used [0x00000006c0000000,0x00000006c36f4ad8,0x00000006ca980000)
 Metaspace       used 6082K, capacity 7088K, committed 7296K, reserved 1056768K
  class space    used 575K, capacity 616K, committed 640K, reserved 1048576K
Event: 4.994 GC heap after
Heap after GC invocations=8 (full 2):
 PSYoungGen      total 229888K, used 29658K [0x000000076ab00000, 0x000000077b700000, 0x00000007c0000000)
  eden space 187392K, 0% used [0x000000076ab00000,0x000000076ab00000,0x0000000776200000)
  from space 42496K, 69% used [0x0000000778d80000,0x000000077aa76a48,0x000000077b700000)
  to   space 43520K, 0% used [0x0000000776200000,0x0000000776200000,0x0000000778c80000)
 ParOldGen       total 173568K, used 56282K [0x00000006c0000000, 0x00000006ca980000, 0x000000076ab00000)
  object space 173568K, 32% used [0x00000006c0000000,0x00000006c36f6ad8,0x00000006ca980000)
 Metaspace       used 6082K, capacity 7088K, committed 7296K, reserved 1056768K
  class space    used 575K, capacity 616K, committed 640K, reserved 1048576K
}

